app/build/intermediates/manifest_merge_blame_file/debug/manifest-merger-blame-debug-report.txt
1<?xml version="1.0" encoding="utf-8"?>
2<manifest xmlns:android="http://schemas.android.com/apk/res/android"
3    package="net.kenevans.polor.polarhrcompare"
4    android:versionCode="9"
5    android:versionName="4.2.0" >
6
7    <uses-sdk
8        android:minSdkVersion="23"
8-->src\main\AndroidManifest.xml
9        android:targetSdkVersion="31" />
9-->src\main\AndroidManifest.xml
10
11    <!-- For below Android 12 -->
12    <uses-permission
12-->src\main\AndroidManifest.xml:6:5-8:38
13        android:name="android.permission.ACCESS_COARSE_LOCATION"
13-->src\main\AndroidManifest.xml:7:9-65
14        android:maxSdkVersion="30" />
14-->src\main\AndroidManifest.xml:8:9-35
15    <uses-permission
15-->src\main\AndroidManifest.xml:9:5-11:38
16        android:name="android.permission.ACCESS_FINE_LOCATION"
16-->src\main\AndroidManifest.xml:10:9-63
17        android:maxSdkVersion="30" />
17-->src\main\AndroidManifest.xml:11:9-35
18    <uses-permission
18-->src\main\AndroidManifest.xml:12:5-14:38
19        android:name="android.permission.BLUETOOTH"
19-->src\main\AndroidManifest.xml:13:9-52
20        android:maxSdkVersion="30" />
20-->src\main\AndroidManifest.xml:14:9-35
21    <uses-permission
21-->src\main\AndroidManifest.xml:15:5-17:38
22        android:name="android.permission.BLUETOOTH_ADMIN"
22-->src\main\AndroidManifest.xml:16:9-58
23        android:maxSdkVersion="30" />
23-->src\main\AndroidManifest.xml:17:9-35
24    <!-- For Android 12 and above -->
25    <uses-permission
25-->src\main\AndroidManifest.xml:19:5-21:38
26        android:name="android.permission.BLUETOOTH_CONNECT"
26-->src\main\AndroidManifest.xml:20:9-60
27        android:minSdkVersion="31" />
27-->src\main\AndroidManifest.xml:21:9-35
28    <uses-permission
28-->src\main\AndroidManifest.xml:22:5-25:58
29        android:name="android.permission.BLUETOOTH_SCAN"
29-->src\main\AndroidManifest.xml:23:9-57
30        android:minSdkVersion="31"
30-->src\main\AndroidManifest.xml:24:9-35
31        android:usesPermissionFlags="neverForLocation" />
31-->src\main\AndroidManifest.xml:25:9-55
32
33    <application
33-->src\main\AndroidManifest.xml:27:5-50:19
34        android:allowBackup="true"
34-->src\main\AndroidManifest.xml:28:9-35
35        android:appComponentFactory="androidx.core.app.CoreComponentFactory"
35-->[androidx.core:core:1.7.0] AndroidManifest.xml:24:18-86
36        android:debuggable="true"
37        android:extractNativeLibs="false"
38        android:fullBackupOnly="true"
38-->src\main\AndroidManifest.xml:29:9-38
39        android:icon="@mipmap/ic_polar_compare"
39-->src\main\AndroidManifest.xml:30:9-48
40        android:label="@string/app_name"
40-->src\main\AndroidManifest.xml:31:9-41
41        android:roundIcon="@mipmap/ic_polar_compare_round"
41-->src\main\AndroidManifest.xml:32:9-59
42        android:supportsRtl="true"
42-->src\main\AndroidManifest.xml:33:9-35
43        android:testOnly="true"
44        android:theme="@style/AppTheme" >
44-->src\main\AndroidManifest.xml:34:9-40
45        <activity
45-->src\main\AndroidManifest.xml:35:9-43:20
46            android:name="net.kenevans.polar.polarhrcompare.MainActivity"
46-->src\main\AndroidManifest.xml:36:13-74
47            android:exported="true"
47-->src\main\AndroidManifest.xml:37:13-36
48            android:screenOrientation="portrait" >
48-->src\main\AndroidManifest.xml:38:13-49
49            <intent-filter>
49-->src\main\AndroidManifest.xml:39:13-42:29
50                <action android:name="android.intent.action.MAIN" />
50-->src\main\AndroidManifest.xml:40:17-69
50-->src\main\AndroidManifest.xml:40:25-66
51
52                <category android:name="android.intent.category.LAUNCHER" />
52-->src\main\AndroidManifest.xml:41:17-77
52-->src\main\AndroidManifest.xml:41:27-74
53            </intent-filter>
54        </activity>
55        <!-- suppress CheckTagEmptyBody -->
56        <activity
56-->src\main\AndroidManifest.xml:45:9-49:61
57            android:name="net.kenevans.polar.polarhrcompare.HRActivity"
57-->src\main\AndroidManifest.xml:46:13-72
58            android:exported="false"
58-->src\main\AndroidManifest.xml:47:13-37
59            android:label="@string/hr_name"
59-->src\main\AndroidManifest.xml:48:13-44
60            android:screenOrientation="portrait" />
60-->src\main\AndroidManifest.xml:49:13-49
61
62        <provider
62-->[androidx.emoji2:emoji2:1.0.0] AndroidManifest.xml:26:9-34:20
63            android:name="androidx.startup.InitializationProvider"
63-->[androidx.emoji2:emoji2:1.0.0] AndroidManifest.xml:27:13-67
64            android:authorities="net.kenevans.polor.polarhrcompare.androidx-startup"
64-->[androidx.emoji2:emoji2:1.0.0] AndroidManifest.xml:28:13-68
65            android:exported="false" >
65-->[androidx.emoji2:emoji2:1.0.0] AndroidManifest.xml:29:13-37
66            <meta-data
66-->[androidx.emoji2:emoji2:1.0.0] AndroidManifest.xml:31:13-33:52
67                android:name="androidx.emoji2.text.EmojiCompatInitializer"
67-->[androidx.emoji2:emoji2:1.0.0] AndroidManifest.xml:32:17-75
68                android:value="androidx.startup" />
68-->[androidx.emoji2:emoji2:1.0.0] AndroidManifest.xml:33:17-49
69            <meta-data
69-->[androidx.lifecycle:lifecycle-process:2.4.0] AndroidManifest.xml:31:13-33:52
70                android:name="androidx.lifecycle.ProcessLifecycleInitializer"
70-->[androidx.lifecycle:lifecycle-process:2.4.0] AndroidManifest.xml:32:17-78
71                android:value="androidx.startup" />
71-->[androidx.lifecycle:lifecycle-process:2.4.0] AndroidManifest.xml:33:17-49
72        </provider>
73    </application>
74
75</manifest>